<?xml version="1.0" encoding="UTF-8"?>
<testng-results skipped="0" failed="0" ignored="0" total="1" passed="1">
  <reporter-output>
  </reporter-output>
  <suite name="Default suite" duration-ms="45990" started-at="2020-08-11T10:28:59 IST" finished-at="2020-08-11T10:29:44 IST">
    <groups>
    </groups>
    <test name="Default test" duration-ms="45990" started-at="2020-08-11T10:28:59 IST" finished-at="2020-08-11T10:29:44 IST">
      <class name="pom.LoginTest">
        <test-method status="PASS" signature="validateTest()[pri:0, instance:pom.LoginTest@50b494a6]" name="validateTest" duration-ms="45900" started-at="2020-08-11T10:28:59 IST" finished-at="2020-08-11T10:29:44 IST">
          <reporter-output>
          </reporter-output>
        </test-method> <!-- validateTest -->
      </class> <!-- pom.LoginTest -->
    </test> <!-- Default test -->
  </suite> <!-- Default suite -->
</testng-results>
